mkmk  -u -g  CAADrwCenterLine.m
2024/9/26 13:27:47

## start step: CIbuild   at 09/26/2024-13:27:48
## end   step: CIbuild   at 09/26/2024-13:27:49

## start step: DataUpdate   at 09/26/2024-13:27:49
# make:  CAADraftingInterfaces\IdentityCard\Objects\win_b64\.mkdata.mk
## end   step: DataUpdate   at 09/26/2024-13:27:51

## start step: DataUpdate   at 09/26/2024-13:27:51
# make:  CAADraftingInterfaces\CAADrwCenterLine.m\Objects\win_b64\.mkdata.mk
## end   step: DataUpdate   at 09/26/2024-13:27:54

## start step: CIcompilation   at 09/26/2024-13:27:54
## end   step: CIcompilation   at 09/26/2024-13:27:54

## start step: headerlist   at 09/26/2024-13:27:54
## end   step: headerlist   at 09/26/2024-13:27:54

## start step: headermap   at 09/26/2024-13:27:54
## end   step: headermap   at 09/26/2024-13:27:54

## start step: fwgrammar   at 09/26/2024-13:27:54
## end   step: fwgrammar   at 09/26/2024-13:27:54

## start step: grammar1st   at 09/26/2024-13:27:54
## end   step: grammar1st   at 09/26/2024-13:27:54

## start step: headerlist   at 09/26/2024-13:27:54
## end   step: headerlist   at 09/26/2024-13:27:54

## start step: headermap   at 09/26/2024-13:27:54
## end   step: headermap   at 09/26/2024-13:27:54

## start step: grammar2nd   at 09/26/2024-13:27:54
## end   step: grammar2nd   at 09/26/2024-13:27:54

## start step: typelibgrammar   at 09/26/2024-13:27:54
## end   step: typelibgrammar   at 09/26/2024-13:27:54

## start step: headerlist   at 09/26/2024-13:27:54
## end   step: headerlist   at 09/26/2024-13:27:54

## start step: headermap   at 09/26/2024-13:27:54
## end   step: headermap   at 09/26/2024-13:27:54

## start step: headerruler   at 09/26/2024-13:27:54
## end   step: headerruler   at 09/26/2024-13:27:54

## start step: compilation   at 09/26/2024-13:27:54
# make:  CAADraftingInterfaces\CAADrwCenterLine.m\src\CAADrwDistanceDimCmd.cpp
CAADrwDistanceDimCmd.cpp
C:\CAA\Code\DimensionTest\CAADraftingInterfaces\CAADrwCenterLine.m\src\CAADrwDistanceDimCmd.cpp(45) : error C2039: “GetDefaultActiveView”: 不是“CATISheet”的成员
        C:\CATIA\DassaultSystemes\B19\.\DraftingInterfaces\PublicInterfaces\CATISheet.h(39) : 参见“CATISheet”的声明
C:\CAA\Code\DimensionTest\CAADraftingInterfaces\CAADrwCenterLine.m\src\CAADrwDistanceDimCmd.cpp(100) : error C2065: “spMainView”: 未声明的标识符
C:\CAA\Code\DimensionTest\CAADraftingInterfaces\CAADrwCenterLine.m\src\CAADrwDistanceDimCmd.cpp(105) : error C2065: “CATIUnknownList_var”: 未声明的标识符
C:\CAA\Code\DimensionTest\CAADraftingInterfaces\CAADrwCenterLine.m\src\CAADrwDistanceDimCmd.cpp(105) : error C2146: 语法错误 : 缺少“;”(在标识符“piSelectionsList”的前面)
C:\CAA\Code\DimensionTest\CAADraftingInterfaces\CAADrwCenterLine.m\src\CAADrwDistanceDimCmd.cpp(105) : error C2065: “piSelectionsList”: 未声明的标识符
C:\CAA\Code\DimensionTest\CAADraftingInterfaces\CAADrwCenterLine.m\src\CAADrwDistanceDimCmd.cpp(112) : error C2227: “->Add”的左边必须指向类/结构/联合/泛型类型
        类型是“'unknown-type'”
C:\CAA\Code\DimensionTest\CAADraftingInterfaces\CAADrwCenterLine.m\src\CAADrwDistanceDimCmd.cpp(113) : error C2227: “->Add”的左边必须指向类/结构/联合/泛型类型
        类型是“'unknown-type'”
C:\CAA\Code\DimensionTest\CAADraftingInterfaces\CAADrwCenterLine.m\src\CAADrwDistanceDimCmd.cpp(123) : error C2065: “nullptr”: 未声明的标识符
# make-ERROR: CAADraftingInterfaces\CAADrwCenterLine.m\src\CAADrwDistanceDimCmd.cpp
## end   step: compilation   at 09/26/2024-13:28:06

## start step: sourceruler   at 09/26/2024-13:28:06
## end   step: sourceruler   at 09/26/2024-13:28:06

## start step: link1st   at 09/26/2024-13:28:06
# make: CAADraftingInterfaces\CAADrwCenterLine.m win_b64\code\lib\CAADrwCenterLine.lib
# syst-ERROR: C:\CAA\Code\DimensionTest\.\CAADraftingInterfaces\CAADrwCenterLine.m\Objects\win_b64\CAADrwDistanceDimCmd.obj: No such file or directory
# make-ERROR: win_b64\code\lib\CAADrwCenterLine.lib
## end   step: link1st   at 09/26/2024-13:28:06

## start step: link2nd   at 09/26/2024-13:28:06
# syst-ERROR: C:\CAA\Code\DimensionTest\.\CAADraftingInterfaces\CAADrwCenterLine.m\Objects\win_b64\CAADrwDistanceDimCmd.obj: No such file or directory
# make: CAADraftingInterfaces\CAADrwCenterLine.m win_b64\code\bin\CAADrwCenterLine.dll
# syst-ERROR: C:\CAA\Code\DimensionTest\.\win_b64\code\lib\CAADrwCenterLine.exp: No such file or directory
# make-ERROR: win_b64\code\bin\CAADrwCenterLine.dll
## end   step: link2nd   at 09/26/2024-13:28:06

## start step: dummynls   at 09/26/2024-13:28:06
## end   step: dummynls   at 09/26/2024-13:28:06
