mkmk  -u -g  CAADrwCenterLine.m
2024/9/25 17:04:29

## start step: CIbuild   at 09/25/2024-17:04:29
## end   step: CIbuild   at 09/25/2024-17:04:29

## start step: DataUpdate   at 09/25/2024-17:04:29
# make:  CAADraftingInterfaces\IdentityCard\Objects\win_b64\.mkdata.mk
## end   step: DataUpdate   at 09/25/2024-17:04:30

## start step: DataUpdate   at 09/25/2024-17:04:30
# make:  CAADraftingInterfaces\CAADrwCenterLine.m\Objects\win_b64\.mkdata.mk
## end   step: DataUpdate   at 09/25/2024-17:04:30

## start step: CIcompilation   at 09/25/2024-17:04:30
## end   step: CIcompilation   at 09/25/2024-17:04:30

## start step: headerlist   at 09/25/2024-17:04:30
## end   step: headerlist   at 09/25/2024-17:04:30

## start step: headermap   at 09/25/2024-17:04:30
## end   step: headermap   at 09/25/2024-17:04:30

## start step: fwgrammar   at 09/25/2024-17:04:30
## end   step: fwgrammar   at 09/25/2024-17:04:30

## start step: grammar1st   at 09/25/2024-17:04:30
## end   step: grammar1st   at 09/25/2024-17:04:30

## start step: headerlist   at 09/25/2024-17:04:30
## end   step: headerlist   at 09/25/2024-17:04:30

## start step: headermap   at 09/25/2024-17:04:30
## end   step: headermap   at 09/25/2024-17:04:30

## start step: grammar2nd   at 09/25/2024-17:04:30
## end   step: grammar2nd   at 09/25/2024-17:04:30

## start step: typelibgrammar   at 09/25/2024-17:04:30
## end   step: typelibgrammar   at 09/25/2024-17:04:30

## start step: headerlist   at 09/25/2024-17:04:30
## end   step: headerlist   at 09/25/2024-17:04:30

## start step: headermap   at 09/25/2024-17:04:30
## end   step: headermap   at 09/25/2024-17:04:30

## start step: headerruler   at 09/25/2024-17:04:30
## end   step: headerruler   at 09/25/2024-17:04:30

## start step: compilation   at 09/25/2024-17:04:30
# make:  CAADraftingInterfaces\CAADrwCenterLine.m\src\CAADrwDistanceDimCmd.cpp
CAADrwDistanceDimCmd.cpp
C:\CAA\Code\DimensionTest\CAADraftingInterfaces\CAADrwCenterLine.m\src\CAADrwDistanceDimCmd.cpp(198) : error C2065: “spElementRefA”: 未声明的标识符
C:\CAA\Code\DimensionTest\CAADraftingInterfaces\CAADrwCenterLine.m\src\CAADrwDistanceDimCmd.cpp(198) : error C2227: “->QueryInterface”的左边必须指向类/结构/联合/泛型类型
        类型是“'unknown-type'”
C:\CAA\Code\DimensionTest\CAADraftingInterfaces\CAADrwCenterLine.m\src\CAADrwDistanceDimCmd.cpp(199) : error C2065: “spElementRefB”: 未声明的标识符
C:\CAA\Code\DimensionTest\CAADraftingInterfaces\CAADrwCenterLine.m\src\CAADrwDistanceDimCmd.cpp(199) : error C2227: “->QueryInterface”的左边必须指向类/结构/联合/泛型类型
        类型是“'unknown-type'”
# make-ERROR: CAADraftingInterfaces\CAADrwCenterLine.m\src\CAADrwDistanceDimCmd.cpp
## end   step: compilation   at 09/25/2024-17:04:32

## start step: sourceruler   at 09/25/2024-17:04:32
## end   step: sourceruler   at 09/25/2024-17:04:32

## start step: link1st   at 09/25/2024-17:04:32
# make: CAADraftingInterfaces\CAADrwCenterLine.m win_b64\code\lib\CAADrwCenterLine.lib
# syst-ERROR: C:\CAA\Code\DimensionTest\.\CAADraftingInterfaces\CAADrwCenterLine.m\Objects\win_b64\CAADrwDistanceDimCmd.obj: No such file or directory
# make-ERROR: win_b64\code\lib\CAADrwCenterLine.lib
## end   step: link1st   at 09/25/2024-17:04:32

## start step: link2nd   at 09/25/2024-17:04:32
# make: CAADraftingInterfaces\CAADrwCenterLine.m win_b64\code\bin\CAADrwCenterLine.dll
# syst-ERROR: C:\CAA\Code\DimensionTest\.\CAADraftingInterfaces\CAADrwCenterLine.m\Objects\win_b64\CAADrwDistanceDimCmd.obj: No such file or directory
# syst-ERROR: C:\CAA\Code\DimensionTest\.\win_b64\code\lib\CAADrwCenterLine.exp: No such file or directory
# make-ERROR: win_b64\code\bin\CAADrwCenterLine.dll
## end   step: link2nd   at 09/25/2024-17:04:32

## start step: dummynls   at 09/25/2024-17:04:32
## end   step: dummynls   at 09/25/2024-17:04:32
